08/05/2023 04:46:21 PM: INFO: *************** TestCase_01  *****************
08/05/2023 04:47:17 PM: INFO: *************** Login_logout_workflow  *****************
08/05/2023 04:48:05 PM: INFO: *************** Login_logout_workflow  *****************
08/05/2023 04:48:51 PM: INFO: *************** Login_logout_workflow  *****************
08/05/2023 04:50:13 PM: INFO: *************** TestCase_01  *****************
08/05/2023 04:51:56 PM: INFO: *************** TestCase_01  *****************
08/05/2023 04:52:16 PM: INFO: *************** LoginLogoutTestCase  *****************
08/05/2023 04:52:27 PM: INFO: *************** LoginLogoutTestCase  *****************
08/05/2023 04:52:40 PM: INFO: *************** TestCase_01  *****************
08/05/2023 04:53:17 PM: INFO: *************** Login and Logout   *****************
08/05/2023 05:07:29 PM: INFO: *************** Register   *****************
08/05/2023 05:09:31 PM: INFO: *************** Register   *****************
08/05/2023 05:16:22 PM: INFO: *************** Register   *****************
08/05/2023 05:16:48 PM: INFO: *************** Register   *****************
08/05/2023 05:19:13 PM: INFO: *************** Register   *****************
08/05/2023 05:24:19 PM: INFO: *************** Register   *****************
08/05/2023 05:25:30 PM: INFO: *************** Register   *****************
08/05/2023 05:25:56 PM: INFO: *************** Register   *****************
08/05/2023 05:26:56 PM: INFO: *************** Register   *****************
08/05/2023 05:27:36 PM: INFO: *************** Register   *****************
08/05/2023 05:29:01 PM: INFO: *************** Register   *****************
08/05/2023 05:30:14 PM: INFO: *************** Register   *****************
08/05/2023 05:30:49 PM: INFO: *************** Register   *****************
08/05/2023 05:32:22 PM: INFO: *************** Register   *****************
