08/13/2023 11:40:42 AM: INFO: *************** Login and Logout   *****************
08/17/2023 01:09:27 PM: INFO: *************** Login and Logout   *****************
08/17/2023 01:10:22 PM: INFO: *************** Login and Logout   *****************
09/08/2023 11:59:38 AM: INFO: *************** Login and Logout   *****************
09/08/2023 12:15:17 PM: INFO: *************** Register   *****************
09/08/2023 12:19:05 PM: INFO: *************** Login and Logout   *****************
09/08/2023 01:00:41 PM: INFO: *************** Login and Logout   *****************
09/11/2023 12:35:02 PM: INFO: *************** Register   *****************
09/11/2023 12:36:51 PM: INFO: *************** Login and Logout   *****************
09/11/2023 12:37:50 PM: INFO: *************** Login and Logout   *****************
09/11/2023 12:38:24 PM: INFO: *************** Login and Logout   *****************
09/11/2023 12:38:39 PM: INFO: *************** Login and Logout   *****************
09/12/2023 10:12:10 AM: INFO: *************** Login and Logout   *****************
09/12/2023 10:27:20 AM: INFO: *************** Register   *****************
09/12/2023 10:30:32 AM: INFO: *************** Register   *****************
09/12/2023 10:34:03 AM: INFO: *************** Register   *****************
09/12/2023 10:35:00 AM: INFO: *************** Register   *****************
09/12/2023 10:35:55 AM: INFO: *************** Register   *****************
09/12/2023 10:37:02 AM: INFO: *************** Register   *****************
09/12/2023 10:38:58 AM: INFO: *************** Register   *****************
09/12/2023 10:40:52 AM: INFO: *************** Register   *****************
09/12/2023 10:41:11 AM: INFO: *************** Register   *****************
09/12/2023 10:43:08 AM: INFO: *************** Register   *****************
09/12/2023 10:43:39 AM: INFO: *************** Register   *****************
09/12/2023 10:45:35 AM: INFO: *************** Register   *****************
09/12/2023 10:48:46 AM: INFO: *************** Shopping Cart   *****************
09/12/2023 10:48:46 AM: INFO: *************** Test Cart Start   *****************
09/12/2023 10:48:46 AM: INFO: *************** Test Cart Start   *****************
09/12/2023 10:49:57 AM: INFO: *************** Shopping Cart   *****************
09/12/2023 10:49:57 AM: INFO: *************** Test Cart Start   *****************
09/12/2023 10:49:57 AM: INFO: *************** Test Cart Start   *****************
